<?xml version="1.0" encoding="UTF-8"?>
<!-- Generated by org.testng.reporters.JUnitReportReporter -->
<testsuite hostname="LAPTOP-C4H6P8U3" failures="0" tests="1" name="com.WordPress.testClass.WordPressTest" time="17.251" errors="0" timestamp="2022-09-22T09:23:50 IST" skipped="0">
  <testcase classname="com.WordPress.testClass.WordPressTest" name="wordPressTest" time="17.251"/>
  <system-out/>
</testsuite> <!-- com.WordPress.testClass.WordPressTest -->
